{"level":"info","message":"test1@yahoo.com: Create charge","timestamp":"2017-02-27T00:42:09.235Z"}
{"level":"info","message":"test1@yahoo.com: location_id = 1 hours = 2","timestamp":"2017-02-27T00:42:09.236Z"}
{"id":2,"location_id":1,"space_id":1,"status":"unoccupied","transaction_id":"ch_19rbZgFaMvCdaTtMTmIBWixE","occupied_by":"test1@yahoo.com","customer_id":"cus_9roW3gbqkbmP0M","start_time":"2017-02-26T23:37:08.000Z","end_time":"2017-02-26T23:37:08.000Z","level":"info","message":"","timestamp":"2017-02-27T00:42:09.458Z"}
{"level":"info","message":"test1@yahoo.com: Successfully created charge","timestamp":"2017-02-27T00:42:10.373Z"}
{"id":"ch_19rcacFaMvCdaTtMK2PdSqvd","object":"charge","amount":200,"amount_refunded":0,"application":null,"application_fee":null,"balance_transaction":"txn_19rcacFaMvCdaTtMmxUGkFJO","captured":true,"created":1488156130,"currency":"usd","customer":"cus_9roW3gbqkbmP0M","description":null,"destination":null,"dispute":null,"failure_code":null,"failure_message":null,"fraud_details":{},"invoice":null,"livemode":false,"metadata":{},"on_behalf_of":null,"order":null,"outcome":{"network_status":"approved_by_network","reason":null,"risk_level":"normal","seller_message":"Payment complete.","type":"authorized"},"paid":true,"receipt_email":"test1@yahoo.com","receipt_number":null,"refunded":false,"refunds":{"object":"list","data":[],"has_more":false,"total_count":0,"url":"/v1/charges/ch_19rcacFaMvCdaTtMK2PdSqvd/refunds"},"review":null,"shipping":null,"source":{"id":"card_19g64hFaMvCdaTtM7fuvfyp2","object":"card","address_city":null,"address_country":null,"address_line1":null,"address_line1_check":null,"address_line2":null,"address_state":null,"address_zip":"92612","address_zip_check":"pass","brand":"Visa","country":"US","customer":"cus_9roW3gbqkbmP0M","cvc_check":null,"dynamic_last4":null,"exp_month":12,"exp_year":2020,"fingerprint":"t8vI4miVTZqeDAVM","funding":"credit","last4":"4242","metadata":{},"name":null,"tokenization_method":null},"source_transfer":null,"statement_descriptor":"Parking","status":"succeeded","transfer_group":null,"level":"info","message":"","timestamp":"2017-02-27T00:42:10.375Z"}
{"level":"info","message":"test1@yahoo.com: Successfully updated parking spot","timestamp":"2017-02-27T00:42:10.456Z"}
{"level":"info","message":"test1@yahoo.com: Successfully logged transaction","timestamp":"2017-02-27T00:42:10.508Z"}
{"level":"info","message":"test1@yahoo.com: Create charge","timestamp":"2017-02-27T00:44:21.123Z"}
{"level":"info","message":"test1@yahoo.com: location_id = 2 hours = 2","timestamp":"2017-02-27T00:44:21.124Z"}
{"id":3,"location_id":1,"space_id":2,"status":"unoccupied","transaction_id":"ch_19rbbBFaMvCdaTtMv8GxStIv","occupied_by":"test1@yahoo.com","customer_id":"cus_9roW3gbqkbmP0M","start_time":"2017-02-26T23:38:41.000Z","end_time":"2017-02-27T01:38:41.000Z","level":"info","message":"","timestamp":"2017-02-27T00:44:21.361Z"}
{"level":"info","message":"test1@yahoo.com: Successfully created charge","timestamp":"2017-02-27T00:44:21.984Z"}
{"id":"ch_19rccjFaMvCdaTtMha3q9zqA","object":"charge","amount":200,"amount_refunded":0,"application":null,"application_fee":null,"balance_transaction":"txn_19rccjFaMvCdaTtMYHZq7gZS","captured":true,"created":1488156261,"currency":"usd","customer":"cus_9roW3gbqkbmP0M","description":null,"destination":null,"dispute":null,"failure_code":null,"failure_message":null,"fraud_details":{},"invoice":null,"livemode":false,"metadata":{},"on_behalf_of":null,"order":null,"outcome":{"network_status":"approved_by_network","reason":null,"risk_level":"normal","seller_message":"Payment complete.","type":"authorized"},"paid":true,"receipt_email":"test1@yahoo.com","receipt_number":null,"refunded":false,"refunds":{"object":"list","data":[],"has_more":false,"total_count":0,"url":"/v1/charges/ch_19rccjFaMvCdaTtMha3q9zqA/refunds"},"review":null,"shipping":null,"source":{"id":"card_19g64hFaMvCdaTtM7fuvfyp2","object":"card","address_city":null,"address_country":null,"address_line1":null,"address_line1_check":null,"address_line2":null,"address_state":null,"address_zip":"92612","address_zip_check":"pass","brand":"Visa","country":"US","customer":"cus_9roW3gbqkbmP0M","cvc_check":null,"dynamic_last4":null,"exp_month":12,"exp_year":2020,"fingerprint":"t8vI4miVTZqeDAVM","funding":"credit","last4":"4242","metadata":{},"name":null,"tokenization_method":null},"source_transfer":null,"statement_descriptor":"Parking","status":"succeeded","transfer_group":null,"level":"info","message":"","timestamp":"2017-02-27T00:44:21.986Z"}
{"level":"info","message":"test1@yahoo.com: Successfully updated parking spot","timestamp":"2017-02-27T00:44:22.063Z"}
{"level":"info","message":"test1@yahoo.com: Successfully logged transaction","timestamp":"2017-02-27T00:44:22.126Z"}
{"status":400,"message":"Failed to authenticate token. Please login again.","level":"error","timestamp":"2017-03-04T23:00:37.894Z"}
{"level":"info","message":"test1@uciparking.com: Create charge","timestamp":"2017-03-04T23:01:17.408Z"}
{"level":"info","message":"test1@uciparking.com: location_id = 2 hours = 2","timestamp":"2017-03-04T23:01:17.408Z"}
{"id":3,"location_id":1,"space_id":2,"status":"unoccupied","transaction_id":"ch_19s4mZFaMvCdaTtMQRtAkp4v","occupied_by":"test1@uciparking.com","customer_id":"cus_9roW3gbqkbmP0M","start_time":"2017-02-28T14:48:18.000Z","end_time":"2017-03-04T22:42:18.000Z","level":"info","message":"","timestamp":"2017-03-04T23:01:17.629Z"}
{"level":"info","message":"test1@uciparking.com: Successfully created charge","timestamp":"2017-03-04T23:01:18.276Z"}
{"id":"ch_19tlsIFaMvCdaTtM6F885Zdo","object":"charge","amount":200,"amount_refunded":0,"application":null,"application_fee":null,"balance_transaction":"txn_19tlsIFaMvCdaTtMVjY1MGcx","captured":true,"created":1488668478,"currency":"usd","customer":"cus_9roW3gbqkbmP0M","description":null,"destination":null,"dispute":null,"failure_code":null,"failure_message":null,"fraud_details":{},"invoice":null,"livemode":false,"metadata":{},"on_behalf_of":null,"order":null,"outcome":{"network_status":"approved_by_network","reason":null,"risk_level":"normal","seller_message":"Payment complete.","type":"authorized"},"paid":true,"receipt_email":"test1@uciparking.com","receipt_number":null,"refunded":false,"refunds":{"object":"list","data":[],"has_more":false,"total_count":0,"url":"/v1/charges/ch_19tlsIFaMvCdaTtM6F885Zdo/refunds"},"review":null,"shipping":null,"source":{"id":"card_19g64hFaMvCdaTtM7fuvfyp2","object":"card","address_city":null,"address_country":null,"address_line1":null,"address_line1_check":null,"address_line2":null,"address_state":null,"address_zip":"92612","address_zip_check":"pass","brand":"Visa","country":"US","customer":"cus_9roW3gbqkbmP0M","cvc_check":null,"dynamic_last4":null,"exp_month":12,"exp_year":2020,"fingerprint":"t8vI4miVTZqeDAVM","funding":"credit","last4":"4242","metadata":{},"name":null,"tokenization_method":null},"source_transfer":null,"statement_descriptor":"Parking","status":"succeeded","transfer_group":null,"level":"info","message":"","timestamp":"2017-03-04T23:01:18.277Z"}
{"level":"info","message":"test1@uciparking.com: Successfully updated parking spot","timestamp":"2017-03-04T23:01:18.327Z"}
{"level":"info","message":"test1@uciparking.com: Successfully logged transaction","timestamp":"2017-03-04T23:01:18.382Z"}
{"status":400,"message":"Failed to authenticate token. Please login again.","level":"error","timestamp":"2017-03-11T23:12:55.282Z"}
{"level":"info","message":"test1@uciparking.com: Create charge","timestamp":"2017-03-11T23:14:31.653Z"}
{"status":404,"message":"Missing parking id","level":"error","timestamp":"2017-03-11T23:14:31.654Z"}
{"level":"info","message":"test1@uciparking.com: Create charge","timestamp":"2017-03-11T23:15:05.256Z"}
{"status":404,"message":"Missing parking id","level":"error","timestamp":"2017-03-11T23:15:05.257Z"}
{"level":"info","message":"test1@uciparking.com: Create charge","timestamp":"2017-03-11T23:16:25.904Z"}
{"status":404,"message":"Missing parking id","level":"error","timestamp":"2017-03-11T23:16:25.907Z"}
{"level":"info","message":"test1@uciparking.com: Create charge","timestamp":"2017-03-11T23:16:38.700Z"}
{"status":404,"message":"Missing parking id","level":"error","timestamp":"2017-03-11T23:16:38.701Z"}
{"level":"info","message":"test1@uciparking.com: Create charge","timestamp":"2017-03-11T23:17:10.278Z"}
{"status":404,"message":"Missing parking id","level":"error","timestamp":"2017-03-11T23:17:10.278Z"}
{"level":"info","message":"test1@uciparking.com: Create charge","timestamp":"2017-03-11T23:17:15.895Z"}
{"status":404,"message":"Missing parking id","level":"error","timestamp":"2017-03-11T23:17:15.902Z"}
{"level":"info","message":"test1@uciparking.com: Create charge","timestamp":"2017-03-11T23:17:48.472Z"}
{"status":404,"message":"Missing parking id","level":"error","timestamp":"2017-03-11T23:17:48.477Z"}
{"level":"info","message":"test1@uciparking.com: Create charge","timestamp":"2017-03-11T23:17:59.655Z"}
{"status":404,"message":"Missing parking id","level":"error","timestamp":"2017-03-11T23:17:59.657Z"}
{"level":"info","message":"test1@uciparking.com: Create charge","timestamp":"2017-03-11T23:18:08.681Z"}
{"status":404,"message":"Missing parking id","level":"error","timestamp":"2017-03-11T23:18:08.689Z"}
{"level":"info","message":"test1@uciparking.com: Create charge","timestamp":"2017-03-11T23:18:56.292Z"}
{"level":"info","message":"test1@uciparking.com: location_id = undefined hours = 1","timestamp":"2017-03-11T23:18:56.298Z"}
{"status":404,"message":"Unable to find parking spot. Please select a different spot.","level":"error","timestamp":"2017-03-11T23:18:56.568Z"}
{"level":"info","message":"test1@uciparking.com: Create charge","timestamp":"2017-03-13T06:24:23.728Z"}
{"level":"info","message":"test1@uciparking.com: location_id = 0 hours = 3","timestamp":"2017-03-13T06:24:23.731Z"}
{"id":1,"location_id":1,"space_id":0,"status":"unoccupied","transaction_id":null,"occupied_by":null,"customer_id":null,"start_time":null,"end_time":null,"level":"info","message":"","timestamp":"2017-03-13T06:24:23.972Z"}
{"level":"info","message":"test1@uciparking.com: Successfully created charge","timestamp":"2017-03-13T06:24:24.711Z"}
{"id":"ch_19wmbaFaMvCdaTtM9hwrAKNa","object":"charge","amount":300,"amount_refunded":0,"application":null,"application_fee":null,"balance_transaction":"txn_19wmbaFaMvCdaTtM2A1Zyo0X","captured":true,"created":1489386270,"currency":"usd","customer":"cus_9roW3gbqkbmP0M","description":null,"destination":null,"dispute":null,"failure_code":null,"failure_message":null,"fraud_details":{},"invoice":null,"livemode":false,"metadata":{},"on_behalf_of":null,"order":null,"outcome":{"network_status":"approved_by_network","reason":null,"risk_level":"normal","seller_message":"Payment complete.","type":"authorized"},"paid":true,"receipt_email":"test1@uciparking.com","receipt_number":null,"refunded":false,"refunds":{"object":"list","data":[],"has_more":false,"total_count":0,"url":"/v1/charges/ch_19wmbaFaMvCdaTtM9hwrAKNa/refunds"},"review":null,"shipping":null,"source":{"id":"card_19g64hFaMvCdaTtM7fuvfyp2","object":"card","address_city":null,"address_country":null,"address_line1":null,"address_line1_check":null,"address_line2":null,"address_state":null,"address_zip":"92612","address_zip_check":"pass","brand":"Visa","country":"US","customer":"cus_9roW3gbqkbmP0M","cvc_check":null,"dynamic_last4":null,"exp_month":12,"exp_year":2020,"fingerprint":"t8vI4miVTZqeDAVM","funding":"credit","last4":"4242","metadata":{},"name":null,"tokenization_method":null},"source_transfer":null,"statement_descriptor":"Parking","status":"succeeded","transfer_group":null,"level":"info","message":"","timestamp":"2017-03-13T06:24:24.713Z"}
{"level":"info","message":"test1@uciparking.com: Successfully updated parking spot","timestamp":"2017-03-13T06:24:24.946Z"}
{"level":"info","message":"test1@uciparking.com: Successfully logged transaction","timestamp":"2017-03-13T06:24:25.388Z"}
{"level":"info","message":"test1@uciparking.com: Successfully closed gate","timestamp":"2017-03-13T06:24:40.832Z"}
{"level":"info","message":"test1@uciparking.com: Create charge","timestamp":"2017-03-13T06:25:11.053Z"}
{"level":"info","message":"test1@uciparking.com: location_id = 0 hours = 2","timestamp":"2017-03-13T06:25:11.054Z"}
{"id":1,"location_id":1,"space_id":0,"status":"unoccupied","transaction_id":null,"occupied_by":null,"customer_id":null,"start_time":null,"end_time":null,"level":"info","message":"","timestamp":"2017-03-13T06:25:11.178Z"}
{"level":"info","message":"test1@uciparking.com: Successfully created charge","timestamp":"2017-03-13T06:25:11.896Z"}
{"id":"ch_19wmcLFaMvCdaTtM8Vw0aEeo","object":"charge","amount":200,"amount_refunded":0,"application":null,"application_fee":null,"balance_transaction":"txn_19wmcLFaMvCdaTtMDle97YM8","captured":true,"created":1489386317,"currency":"usd","customer":"cus_9roW3gbqkbmP0M","description":null,"destination":null,"dispute":null,"failure_code":null,"failure_message":null,"fraud_details":{},"invoice":null,"livemode":false,"metadata":{},"on_behalf_of":null,"order":null,"outcome":{"network_status":"approved_by_network","reason":null,"risk_level":"normal","seller_message":"Payment complete.","type":"authorized"},"paid":true,"receipt_email":"test1@uciparking.com","receipt_number":null,"refunded":false,"refunds":{"object":"list","data":[],"has_more":false,"total_count":0,"url":"/v1/charges/ch_19wmcLFaMvCdaTtM8Vw0aEeo/refunds"},"review":null,"shipping":null,"source":{"id":"card_19g64hFaMvCdaTtM7fuvfyp2","object":"card","address_city":null,"address_country":null,"address_line1":null,"address_line1_check":null,"address_line2":null,"address_state":null,"address_zip":"92612","address_zip_check":"pass","brand":"Visa","country":"US","customer":"cus_9roW3gbqkbmP0M","cvc_check":null,"dynamic_last4":null,"exp_month":12,"exp_year":2020,"fingerprint":"t8vI4miVTZqeDAVM","funding":"credit","last4":"4242","metadata":{},"name":null,"tokenization_method":null},"source_transfer":null,"statement_descriptor":"Parking","status":"succeeded","transfer_group":null,"level":"info","message":"","timestamp":"2017-03-13T06:25:11.898Z"}
{"level":"info","message":"test1@uciparking.com: Successfully updated parking spot","timestamp":"2017-03-13T06:25:11.968Z"}
{"level":"info","message":"test1@uciparking.com: Successfully logged transaction","timestamp":"2017-03-13T06:25:12.040Z"}
{"level":"info","message":"test1@uciparking.com: Successfully closed gate","timestamp":"2017-03-13T06:25:27.263Z"}
{"level":"info","message":"test1@uciparking.com: Create charge","timestamp":"2017-03-13T06:26:13.628Z"}
{"level":"info","message":"test1@uciparking.com: location_id = 1 hours = 4","timestamp":"2017-03-13T06:26:13.630Z"}
{"id":2,"location_id":1,"space_id":1,"status":"unoccupied","transaction_id":null,"occupied_by":null,"customer_id":null,"start_time":null,"end_time":null,"level":"info","message":"","timestamp":"2017-03-13T06:26:13.755Z"}
{"level":"info","message":"test1@uciparking.com: Successfully created charge","timestamp":"2017-03-13T06:26:14.335Z"}
{"id":"ch_19wmdMFaMvCdaTtM81FQCtJQ","object":"charge","amount":400,"amount_refunded":0,"application":null,"application_fee":null,"balance_transaction":"txn_19wmdMFaMvCdaTtMANE2ovOw","captured":true,"created":1489386380,"currency":"usd","customer":"cus_9roW3gbqkbmP0M","description":null,"destination":null,"dispute":null,"failure_code":null,"failure_message":null,"fraud_details":{},"invoice":null,"livemode":false,"metadata":{},"on_behalf_of":null,"order":null,"outcome":{"network_status":"approved_by_network","reason":null,"risk_level":"normal","seller_message":"Payment complete.","type":"authorized"},"paid":true,"receipt_email":"test1@uciparking.com","receipt_number":null,"refunded":false,"refunds":{"object":"list","data":[],"has_more":false,"total_count":0,"url":"/v1/charges/ch_19wmdMFaMvCdaTtM81FQCtJQ/refunds"},"review":null,"shipping":null,"source":{"id":"card_19g64hFaMvCdaTtM7fuvfyp2","object":"card","address_city":null,"address_country":null,"address_line1":null,"address_line1_check":null,"address_line2":null,"address_state":null,"address_zip":"92612","address_zip_check":"pass","brand":"Visa","country":"US","customer":"cus_9roW3gbqkbmP0M","cvc_check":null,"dynamic_last4":null,"exp_month":12,"exp_year":2020,"fingerprint":"t8vI4miVTZqeDAVM","funding":"credit","last4":"4242","metadata":{},"name":null,"tokenization_method":null},"source_transfer":null,"statement_descriptor":"Parking","status":"succeeded","transfer_group":null,"level":"info","message":"","timestamp":"2017-03-13T06:26:14.336Z"}
{"level":"info","message":"test1@uciparking.com: Successfully updated parking spot","timestamp":"2017-03-13T06:26:14.429Z"}
{"level":"info","message":"test1@uciparking.com: Successfully logged transaction","timestamp":"2017-03-13T06:26:14.490Z"}
{"level":"info","message":"tranad2@uci.edu: Create charge","timestamp":"2017-03-13T06:27:06.521Z"}
{"level":"info","message":"tranad2@uci.edu: location_id = 0 hours = 3","timestamp":"2017-03-13T06:27:06.525Z"}
{"id":1,"location_id":1,"space_id":0,"status":"unoccupied","transaction_id":null,"occupied_by":null,"customer_id":null,"start_time":null,"end_time":null,"level":"info","message":"","timestamp":"2017-03-13T06:27:06.706Z"}
{"message":"Cannot charge a customer that has no active card","type":"StripeCardError","stack":"Error: Cannot charge a customer that has no active card\n    at Error._Error (/home/kevin/Documents/parking_system/parking_server/node_modules/stripe/lib/Error.js:12:17)\n    at Error.Constructor (/home/kevin/Documents/parking_system/parking_server/node_modules/stripe/lib/utils.js:97:13)\n    at Error.Constructor (/home/kevin/Documents/parking_system/parking_server/node_modules/stripe/lib/utils.js:97:13)\n    at Function.StripeError.generate (/home/kevin/Documents/parking_system/parking_server/node_modules/stripe/lib/Error.js:54:14)\n    at IncomingMessage.<anonymous> (/home/kevin/Documents/parking_system/parking_server/node_modules/stripe/lib/StripeResource.js:137:39)\n    at emitNone (events.js:91:20)\n    at IncomingMessage.emit (events.js:185:7)\n    at endReadableNT (_stream_readable.js:974:12)\n    at _combinedTickCallback (internal/process/next_tick.js:74:11)\n    at process._tickCallback (internal/process/next_tick.js:98:9)","rawType":"card_error","code":"missing","param":"card","raw":{"message":"Cannot charge a customer that has no active card","type":"card_error","param":"card","code":"missing","statusCode":402,"requestId":"req_AHLKMyCy63J4ID"},"requestId":"req_AHLKMyCy63J4ID","statusCode":402,"isOperational":true,"level":"error","timestamp":"2017-03-13T06:27:07.133Z"}
{"status":500,"message":"An internal server error occurred. Please try again later.","level":"error","timestamp":"2017-03-13T06:27:07.134Z"}
{"level":"info","message":"tranad2@uci.edu: Create charge","timestamp":"2017-03-13T06:27:20.981Z"}
{"level":"info","message":"tranad2@uci.edu: location_id = 0 hours = 3","timestamp":"2017-03-13T06:27:20.985Z"}
{"id":1,"location_id":1,"space_id":0,"status":"unoccupied","transaction_id":null,"occupied_by":null,"customer_id":null,"start_time":null,"end_time":null,"level":"info","message":"","timestamp":"2017-03-13T06:27:21.247Z"}
{"message":"Cannot charge a customer that has no active card","type":"StripeCardError","stack":"Error: Cannot charge a customer that has no active card\n    at Error._Error (/home/kevin/Documents/parking_system/parking_server/node_modules/stripe/lib/Error.js:12:17)\n    at Error.Constructor (/home/kevin/Documents/parking_system/parking_server/node_modules/stripe/lib/utils.js:97:13)\n    at Error.Constructor (/home/kevin/Documents/parking_system/parking_server/node_modules/stripe/lib/utils.js:97:13)\n    at Function.StripeError.generate (/home/kevin/Documents/parking_system/parking_server/node_modules/stripe/lib/Error.js:54:14)\n    at IncomingMessage.<anonymous> (/home/kevin/Documents/parking_system/parking_server/node_modules/stripe/lib/StripeResource.js:137:39)\n    at emitNone (events.js:91:20)\n    at IncomingMessage.emit (events.js:185:7)\n    at endReadableNT (_stream_readable.js:974:12)\n    at _combinedTickCallback (internal/process/next_tick.js:74:11)\n    at process._tickCallback (internal/process/next_tick.js:98:9)","rawType":"card_error","code":"missing","param":"card","raw":{"message":"Cannot charge a customer that has no active card","type":"card_error","param":"card","code":"missing","statusCode":402,"requestId":"req_AHLLzY2R9xgE96"},"requestId":"req_AHLLzY2R9xgE96","statusCode":402,"isOperational":true,"level":"error","timestamp":"2017-03-13T06:27:21.535Z"}
{"status":500,"message":"An internal server error occurred. Please try again later.","level":"error","timestamp":"2017-03-13T06:27:21.536Z"}
{"level":"info","message":"tranad2@uci.edu: Create charge","timestamp":"2017-03-13T06:29:15.253Z"}
{"level":"info","message":"tranad2@uci.edu: location_id = 0 hours = 4","timestamp":"2017-03-13T06:29:15.253Z"}
{"id":1,"location_id":1,"space_id":0,"status":"unoccupied","transaction_id":null,"occupied_by":null,"customer_id":null,"start_time":null,"end_time":null,"level":"info","message":"","timestamp":"2017-03-13T06:29:16.490Z"}
{"message":"Cannot charge a customer that has no active card","type":"StripeCardError","stack":"Error: Cannot charge a customer that has no active card\n    at Error._Error (/home/kevin/Documents/parking_system/parking_server/node_modules/stripe/lib/Error.js:12:17)\n    at Error.Constructor (/home/kevin/Documents/parking_system/parking_server/node_modules/stripe/lib/utils.js:97:13)\n    at Error.Constructor (/home/kevin/Documents/parking_system/parking_server/node_modules/stripe/lib/utils.js:97:13)\n    at Function.StripeError.generate (/home/kevin/Documents/parking_system/parking_server/node_modules/stripe/lib/Error.js:54:14)\n    at IncomingMessage.<anonymous> (/home/kevin/Documents/parking_system/parking_server/node_modules/stripe/lib/StripeResource.js:137:39)\n    at emitNone (events.js:91:20)\n    at IncomingMessage.emit (events.js:185:7)\n    at endReadableNT (_stream_readable.js:974:12)\n    at _combinedTickCallback (internal/process/next_tick.js:74:11)\n    at process._tickCallback (internal/process/next_tick.js:98:9)","rawType":"card_error","code":"missing","param":"card","raw":{"message":"Cannot charge a customer that has no active card","type":"card_error","param":"card","code":"missing","statusCode":402,"requestId":"req_AHLN0Em4XZuAqb"},"requestId":"req_AHLN0Em4XZuAqb","statusCode":402,"isOperational":true,"level":"error","timestamp":"2017-03-13T06:29:17.017Z"}
{"status":500,"message":"An internal server error occurred. Please try again later.","level":"error","timestamp":"2017-03-13T06:29:17.017Z"}
